Copyright 1986-2019 Xilinx, Inc. All Rights Reserved.
--------------------------------------------------------------------------------------------------------------------------------------------------------------------------------------------
| Tool Version : Vivado v.2019.1 (lin64) Build 2552052 Fri May 24 14:47:09 MDT 2019
| Date         : Sun Aug 25 07:27:29 2019
| Host         : ubuntu running 64-bit Ubuntu 18.04.3 LTS
| Command      : report_methodology -file xilinx_dma_pcie_ep_methodology_drc_routed.rpt -pb xilinx_dma_pcie_ep_methodology_drc_routed.pb -rpx xilinx_dma_pcie_ep_methodology_drc_routed.rpx
| Design       : xilinx_dma_pcie_ep
| Device       : xcvu9p-flgb2104-2LV-e
| Speed File   : -2LV
| Design State : Fully Routed
--------------------------------------------------------------------------------------------------------------------------------------------------------------------------------------------

Report Methodology

Table of Contents
-----------------
1. REPORT SUMMARY
2. REPORT DETAILS

1. REPORT SUMMARY
-----------------
            Netlist: netlist
          Floorplan: design_1
      Design limits: <entire design considered>
             Max violations: <unlimited>
             Violations found: 77
+-----------+------------------+------------------------------------------------------+------------+
| Rule      | Severity         | Description                                          | Violations |
+-----------+------------------+------------------------------------------------------+------------+
| TIMING-1  | Critical Warning | Invalid clock waveform on Clock Modifying Block      | 1          |
| TIMING-3  | Critical Warning | Invalid primary clock on Clock Modifying Block       | 3          |
| DPIR-2    | Warning          | Asynchronous driver check                            | 34         |
| LUTAR-1   | Warning          | LUT drives async reset alert                         | 15         |
| SYNTH-10  | Warning          | Wide multiplier                                      | 3          |
| TIMING-9  | Warning          | Unknown CDC Logic                                    | 1          |
| TIMING-10 | Warning          | Missing property on synchronizer                     | 1          |
| TIMING-24 | Warning          | Overridden Max delay datapath only                   | 14         |
| TIMING-28 | Warning          | Auto-derived clock referenced by a timing constraint | 4          |
| XDCB-2    | Warning          | Clock defined on multiple objects                    | 1          |
+-----------+------------------+------------------------------------------------------+------------+

2. REPORT DETAILS
-----------------
TIMING-1#1 Critical Warning
Invalid clock waveform on Clock Modifying Block  
Invalid clock waveform for clock xdma_0_i/inst/pcie4_ip_i/inst/gt_top_i/diablo_gt.diablo_gt_phy_wrapper/gt_wizard.gtwizard_top_i/xdma_0_pcie4_ip_gt_i/inst/gen_gtwizard_gtye4_top.xdma_0_pcie4_ip_gt_gtwizard_gtye4_inst/gen_gtwizard_gtye4.gen_channel_container[32].gen_enabled_channel.gtye4_channel_wrapper_inst/channel_inst/gtye4_channel_gen.gen_gtye4_channel_inst[0].GTYE4_CHANNEL_PRIM_INST/TXOUTCLK specified at a GTYE4_CHANNEL output xdma_0_i/inst/pcie4_ip_i/inst/gt_top_i/diablo_gt.diablo_gt_phy_wrapper/gt_wizard.gtwizard_top_i/xdma_0_pcie4_ip_gt_i/inst/gen_gtwizard_gtye4_top.xdma_0_pcie4_ip_gt_gtwizard_gtye4_inst/gen_gtwizard_gtye4.gen_channel_container[32].gen_enabled_channel.gtye4_channel_wrapper_inst/channel_inst/gtye4_channel_gen.gen_gtye4_channel_inst[0].GTYE4_CHANNEL_PRIM_INST/TXOUTCLK that does not match the CMB settings. The waveform of the clock is 4 {0 2}. The expected waveform is 2 {0 1}
Related violations: <none>

TIMING-3#1 Critical Warning
Invalid primary clock on Clock Modifying Block  
A primary clock xdma_0_i/inst/pcie4_ip_i/inst/gt_top_i/diablo_gt.diablo_gt_phy_wrapper/gt_wizard.gtwizard_top_i/xdma_0_pcie4_ip_gt_i/inst/gen_gtwizard_gtye4_top.xdma_0_pcie4_ip_gt_gtwizard_gtye4_inst/gen_gtwizard_gtye4.gen_channel_container[32].gen_enabled_channel.gtye4_channel_wrapper_inst/channel_inst/gtye4_channel_gen.gen_gtye4_channel_inst[0].GTYE4_CHANNEL_PRIM_INST/TXOUTCLK is created on the output pin or net xdma_0_i/inst/pcie4_ip_i/inst/gt_top_i/diablo_gt.diablo_gt_phy_wrapper/gt_wizard.gtwizard_top_i/xdma_0_pcie4_ip_gt_i/inst/gen_gtwizard_gtye4_top.xdma_0_pcie4_ip_gt_gtwizard_gtye4_inst/gen_gtwizard_gtye4.gen_channel_container[32].gen_enabled_channel.gtye4_channel_wrapper_inst/channel_inst/gtye4_channel_gen.gen_gtye4_channel_inst[0].GTYE4_CHANNEL_PRIM_INST/TXOUTCLK of a Clock Modifying Block
Related violations: <none>

TIMING-3#2 Critical Warning
Invalid primary clock on Clock Modifying Block  
A primary clock xdma_0_i/inst/pcie4_ip_i/inst/gt_top_i/diablo_gt.diablo_gt_phy_wrapper/gt_wizard.gtwizard_top_i/xdma_0_pcie4_ip_gt_i/inst/gen_gtwizard_gtye4_top.xdma_0_pcie4_ip_gt_gtwizard_gtye4_inst/gen_gtwizard_gtye4.gen_channel_container[32].gen_enabled_channel.gtye4_channel_wrapper_inst/channel_inst/gtye4_channel_gen.gen_gtye4_channel_inst[0].GTYE4_CHANNEL_PRIM_INST/TXOUTCLK is created on the output pin or net xdma_0_i/inst/pcie4_ip_i/inst/gt_top_i/diablo_gt.diablo_gt_phy_wrapper/gt_wizard.gtwizard_top_i/xdma_0_pcie4_ip_gt_i/inst/gen_gtwizard_gtye4_top.xdma_0_pcie4_ip_gt_gtwizard_gtye4_inst/gen_gtwizard_gtye4.gen_channel_container[32].gen_enabled_channel.gtye4_channel_wrapper_inst/channel_inst/gtye4_channel_gen.gen_gtye4_channel_inst[1].GTYE4_CHANNEL_PRIM_INST/TXOUTCLK of a Clock Modifying Block
Related violations: <none>

TIMING-3#3 Critical Warning
Invalid primary clock on Clock Modifying Block  
A primary clock xdma_0_i/inst/pcie4_ip_i/inst/gt_top_i/diablo_gt.diablo_gt_phy_wrapper/phy_clk_i/bufg_gt_intclk/O is created on the output pin or net xdma_0_i/inst/pcie4_ip_i/inst/gt_top_i/diablo_gt.diablo_gt_phy_wrapper/phy_clk_i/bufg_gt_intclk/O of a Clock Modifying Block
Related violations: <none>

DPIR-2#1 Warning
Asynchronous driver check  
DSP multi_core_top_inst/genblk1[0].cn_top_inst/cn_ml_inst/mult_64wx64w_inst/U0/i_mult/gDSP.gDSP_only.iDSP/use_prim.appDSP48[1].bppDSP48[1].use_dsp.use_dsp48e2.iDSP48E2 input pin multi_core_top_inst/genblk1[0].cn_top_inst/cn_ml_inst/mult_64wx64w_inst/U0/i_mult/gDSP.gDSP_only.iDSP/use_prim.appDSP48[1].bppDSP48[1].use_dsp.use_dsp48e2.iDSP48E2/A[0] is connected to registers with an asynchronous reset. This is preventing the possibility of merging these registers in to the DSP Block since the DSP block registers only possess synchronous reset capability.  It is suggested to recode or change these registers to remove the reset or use a synchronous reset to get the best optimization for performance, power and area.
Related violations: <none>

DPIR-2#2 Warning
Asynchronous driver check  
DSP multi_core_top_inst/genblk1[0].cn_top_inst/cn_ml_inst/mult_64wx64w_inst/U0/i_mult/gDSP.gDSP_only.iDSP/use_prim.appDSP48[1].bppDSP48[1].use_dsp.use_dsp48e2.iDSP48E2 input pin multi_core_top_inst/genblk1[0].cn_top_inst/cn_ml_inst/mult_64wx64w_inst/U0/i_mult/gDSP.gDSP_only.iDSP/use_prim.appDSP48[1].bppDSP48[1].use_dsp.use_dsp48e2.iDSP48E2/A[10] is connected to registers with an asynchronous reset. This is preventing the possibility of merging these registers in to the DSP Block since the DSP block registers only possess synchronous reset capability.  It is suggested to recode or change these registers to remove the reset or use a synchronous reset to get the best optimization for performance, power and area.
Related violations: <none>

DPIR-2#3 Warning
Asynchronous driver check  
DSP multi_core_top_inst/genblk1[0].cn_top_inst/cn_ml_inst/mult_64wx64w_inst/U0/i_mult/gDSP.gDSP_only.iDSP/use_prim.appDSP48[1].bppDSP48[1].use_dsp.use_dsp48e2.iDSP48E2 input pin multi_core_top_inst/genblk1[0].cn_top_inst/cn_ml_inst/mult_64wx64w_inst/U0/i_mult/gDSP.gDSP_only.iDSP/use_prim.appDSP48[1].bppDSP48[1].use_dsp.use_dsp48e2.iDSP48E2/A[11] is connected to registers with an asynchronous reset. This is preventing the possibility of merging these registers in to the DSP Block since the DSP block registers only possess synchronous reset capability.  It is suggested to recode or change these registers to remove the reset or use a synchronous reset to get the best optimization for performance, power and area.
Related violations: <none>

DPIR-2#4 Warning
Asynchronous driver check  
DSP multi_core_top_inst/genblk1[0].cn_top_inst/cn_ml_inst/mult_64wx64w_inst/U0/i_mult/gDSP.gDSP_only.iDSP/use_prim.appDSP48[1].bppDSP48[1].use_dsp.use_dsp48e2.iDSP48E2 input pin multi_core_top_inst/genblk1[0].cn_top_inst/cn_ml_inst/mult_64wx64w_inst/U0/i_mult/gDSP.gDSP_only.iDSP/use_prim.appDSP48[1].bppDSP48[1].use_dsp.use_dsp48e2.iDSP48E2/A[12] is connected to registers with an asynchronous reset. This is preventing the possibility of merging these registers in to the DSP Block since the DSP block registers only possess synchronous reset capability.  It is suggested to recode or change these registers to remove the reset or use a synchronous reset to get the best optimization for performance, power and area.
Related violations: <none>

DPIR-2#5 Warning
Asynchronous driver check  
DSP multi_core_top_inst/genblk1[0].cn_top_inst/cn_ml_inst/mult_64wx64w_inst/U0/i_mult/gDSP.gDSP_only.iDSP/use_prim.appDSP48[1].bppDSP48[1].use_dsp.use_dsp48e2.iDSP48E2 input pin multi_core_top_inst/genblk1[0].cn_top_inst/cn_ml_inst/mult_64wx64w_inst/U0/i_mult/gDSP.gDSP_only.iDSP/use_prim.appDSP48[1].bppDSP48[1].use_dsp.use_dsp48e2.iDSP48E2/A[13] is connected to registers with an asynchronous reset. This is preventing the possibility of merging these registers in to the DSP Block since the DSP block registers only possess synchronous reset capability.  It is suggested to recode or change these registers to remove the reset or use a synchronous reset to get the best optimization for performance, power and area.
Related violations: <none>

DPIR-2#6 Warning
Asynchronous driver check  
DSP multi_core_top_inst/genblk1[0].cn_top_inst/cn_ml_inst/mult_64wx64w_inst/U0/i_mult/gDSP.gDSP_only.iDSP/use_prim.appDSP48[1].bppDSP48[1].use_dsp.use_dsp48e2.iDSP48E2 input pin multi_core_top_inst/genblk1[0].cn_top_inst/cn_ml_inst/mult_64wx64w_inst/U0/i_mult/gDSP.gDSP_only.iDSP/use_prim.appDSP48[1].bppDSP48[1].use_dsp.use_dsp48e2.iDSP48E2/A[14] is connected to registers with an asynchronous reset. This is preventing the possibility of merging these registers in to the DSP Block since the DSP block registers only possess synchronous reset capability.  It is suggested to recode or change these registers to remove the reset or use a synchronous reset to get the best optimization for performance, power and area.
Related violations: <none>

DPIR-2#7 Warning
Asynchronous driver check  
DSP multi_core_top_inst/genblk1[0].cn_top_inst/cn_ml_inst/mult_64wx64w_inst/U0/i_mult/gDSP.gDSP_only.iDSP/use_prim.appDSP48[1].bppDSP48[1].use_dsp.use_dsp48e2.iDSP48E2 input pin multi_core_top_inst/genblk1[0].cn_top_inst/cn_ml_inst/mult_64wx64w_inst/U0/i_mult/gDSP.gDSP_only.iDSP/use_prim.appDSP48[1].bppDSP48[1].use_dsp.use_dsp48e2.iDSP48E2/A[15] is connected to registers with an asynchronous reset. This is preventing the possibility of merging these registers in to the DSP Block since the DSP block registers only possess synchronous reset capability.  It is suggested to recode or change these registers to remove the reset or use a synchronous reset to get the best optimization for performance, power and area.
Related violations: <none>

DPIR-2#8 Warning
Asynchronous driver check  
DSP multi_core_top_inst/genblk1[0].cn_top_inst/cn_ml_inst/mult_64wx64w_inst/U0/i_mult/gDSP.gDSP_only.iDSP/use_prim.appDSP48[1].bppDSP48[1].use_dsp.use_dsp48e2.iDSP48E2 input pin multi_core_top_inst/genblk1[0].cn_top_inst/cn_ml_inst/mult_64wx64w_inst/U0/i_mult/gDSP.gDSP_only.iDSP/use_prim.appDSP48[1].bppDSP48[1].use_dsp.use_dsp48e2.iDSP48E2/A[16] is connected to registers with an asynchronous reset. This is preventing the possibility of merging these registers in to the DSP Block since the DSP block registers only possess synchronous reset capability.  It is suggested to recode or change these registers to remove the reset or use a synchronous reset to get the best optimization for performance, power and area.
Related violations: <none>

DPIR-2#9 Warning
Asynchronous driver check  
DSP multi_core_top_inst/genblk1[0].cn_top_inst/cn_ml_inst/mult_64wx64w_inst/U0/i_mult/gDSP.gDSP_only.iDSP/use_prim.appDSP48[1].bppDSP48[1].use_dsp.use_dsp48e2.iDSP48E2 input pin multi_core_top_inst/genblk1[0].cn_top_inst/cn_ml_inst/mult_64wx64w_inst/U0/i_mult/gDSP.gDSP_only.iDSP/use_prim.appDSP48[1].bppDSP48[1].use_dsp.use_dsp48e2.iDSP48E2/A[1] is connected to registers with an asynchronous reset. This is preventing the possibility of merging these registers in to the DSP Block since the DSP block registers only possess synchronous reset capability.  It is suggested to recode or change these registers to remove the reset or use a synchronous reset to get the best optimization for performance, power and area.
Related violations: <none>

DPIR-2#10 Warning
Asynchronous driver check  
DSP multi_core_top_inst/genblk1[0].cn_top_inst/cn_ml_inst/mult_64wx64w_inst/U0/i_mult/gDSP.gDSP_only.iDSP/use_prim.appDSP48[1].bppDSP48[1].use_dsp.use_dsp48e2.iDSP48E2 input pin multi_core_top_inst/genblk1[0].cn_top_inst/cn_ml_inst/mult_64wx64w_inst/U0/i_mult/gDSP.gDSP_only.iDSP/use_prim.appDSP48[1].bppDSP48[1].use_dsp.use_dsp48e2.iDSP48E2/A[2] is connected to registers with an asynchronous reset. This is preventing the possibility of merging these registers in to the DSP Block since the DSP block registers only possess synchronous reset capability.  It is suggested to recode or change these registers to remove the reset or use a synchronous reset to get the best optimization for performance, power and area.
Related violations: <none>

DPIR-2#11 Warning
Asynchronous driver check  
DSP multi_core_top_inst/genblk1[0].cn_top_inst/cn_ml_inst/mult_64wx64w_inst/U0/i_mult/gDSP.gDSP_only.iDSP/use_prim.appDSP48[1].bppDSP48[1].use_dsp.use_dsp48e2.iDSP48E2 input pin multi_core_top_inst/genblk1[0].cn_top_inst/cn_ml_inst/mult_64wx64w_inst/U0/i_mult/gDSP.gDSP_only.iDSP/use_prim.appDSP48[1].bppDSP48[1].use_dsp.use_dsp48e2.iDSP48E2/A[3] is connected to registers with an asynchronous reset. This is preventing the possibility of merging these registers in to the DSP Block since the DSP block registers only possess synchronous reset capability.  It is suggested to recode or change these registers to remove the reset or use a synchronous reset to get the best optimization for performance, power and area.
Related violations: <none>

DPIR-2#12 Warning
Asynchronous driver check  
DSP multi_core_top_inst/genblk1[0].cn_top_inst/cn_ml_inst/mult_64wx64w_inst/U0/i_mult/gDSP.gDSP_only.iDSP/use_prim.appDSP48[1].bppDSP48[1].use_dsp.use_dsp48e2.iDSP48E2 input pin multi_core_top_inst/genblk1[0].cn_top_inst/cn_ml_inst/mult_64wx64w_inst/U0/i_mult/gDSP.gDSP_only.iDSP/use_prim.appDSP48[1].bppDSP48[1].use_dsp.use_dsp48e2.iDSP48E2/A[4] is connected to registers with an asynchronous reset. This is preventing the possibility of merging these registers in to the DSP Block since the DSP block registers only possess synchronous reset capability.  It is suggested to recode or change these registers to remove the reset or use a synchronous reset to get the best optimization for performance, power and area.
Related violations: <none>

DPIR-2#13 Warning
Asynchronous driver check  
DSP multi_core_top_inst/genblk1[0].cn_top_inst/cn_ml_inst/mult_64wx64w_inst/U0/i_mult/gDSP.gDSP_only.iDSP/use_prim.appDSP48[1].bppDSP48[1].use_dsp.use_dsp48e2.iDSP48E2 input pin multi_core_top_inst/genblk1[0].cn_top_inst/cn_ml_inst/mult_64wx64w_inst/U0/i_mult/gDSP.gDSP_only.iDSP/use_prim.appDSP48[1].bppDSP48[1].use_dsp.use_dsp48e2.iDSP48E2/A[5] is connected to registers with an asynchronous reset. This is preventing the possibility of merging these registers in to the DSP Block since the DSP block registers only possess synchronous reset capability.  It is suggested to recode or change these registers to remove the reset or use a synchronous reset to get the best optimization for performance, power and area.
Related violations: <none>

DPIR-2#14 Warning
Asynchronous driver check  
DSP multi_core_top_inst/genblk1[0].cn_top_inst/cn_ml_inst/mult_64wx64w_inst/U0/i_mult/gDSP.gDSP_only.iDSP/use_prim.appDSP48[1].bppDSP48[1].use_dsp.use_dsp48e2.iDSP48E2 input pin multi_core_top_inst/genblk1[0].cn_top_inst/cn_ml_inst/mult_64wx64w_inst/U0/i_mult/gDSP.gDSP_only.iDSP/use_prim.appDSP48[1].bppDSP48[1].use_dsp.use_dsp48e2.iDSP48E2/A[6] is connected to registers with an asynchronous reset. This is preventing the possibility of merging these registers in to the DSP Block since the DSP block registers only possess synchronous reset capability.  It is suggested to recode or change these registers to remove the reset or use a synchronous reset to get the best optimization for performance, power and area.
Related violations: <none>

DPIR-2#15 Warning
Asynchronous driver check  
DSP multi_core_top_inst/genblk1[0].cn_top_inst/cn_ml_inst/mult_64wx64w_inst/U0/i_mult/gDSP.gDSP_only.iDSP/use_prim.appDSP48[1].bppDSP48[1].use_dsp.use_dsp48e2.iDSP48E2 input pin multi_core_top_inst/genblk1[0].cn_top_inst/cn_ml_inst/mult_64wx64w_inst/U0/i_mult/gDSP.gDSP_only.iDSP/use_prim.appDSP48[1].bppDSP48[1].use_dsp.use_dsp48e2.iDSP48E2/A[7] is connected to registers with an asynchronous reset. This is preventing the possibility of merging these registers in to the DSP Block since the DSP block registers only possess synchronous reset capability.  It is suggested to recode or change these registers to remove the reset or use a synchronous reset to get the best optimization for performance, power and area.
Related violations: <none>

DPIR-2#16 Warning
Asynchronous driver check  
DSP multi_core_top_inst/genblk1[0].cn_top_inst/cn_ml_inst/mult_64wx64w_inst/U0/i_mult/gDSP.gDSP_only.iDSP/use_prim.appDSP48[1].bppDSP48[1].use_dsp.use_dsp48e2.iDSP48E2 input pin multi_core_top_inst/genblk1[0].cn_top_inst/cn_ml_inst/mult_64wx64w_inst/U0/i_mult/gDSP.gDSP_only.iDSP/use_prim.appDSP48[1].bppDSP48[1].use_dsp.use_dsp48e2.iDSP48E2/A[8] is connected to registers with an asynchronous reset. This is preventing the possibility of merging these registers in to the DSP Block since the DSP block registers only possess synchronous reset capability.  It is suggested to recode or change these registers to remove the reset or use a synchronous reset to get the best optimization for performance, power and area.
Related violations: <none>

DPIR-2#17 Warning
Asynchronous driver check  
DSP multi_core_top_inst/genblk1[0].cn_top_inst/cn_ml_inst/mult_64wx64w_inst/U0/i_mult/gDSP.gDSP_only.iDSP/use_prim.appDSP48[1].bppDSP48[1].use_dsp.use_dsp48e2.iDSP48E2 input pin multi_core_top_inst/genblk1[0].cn_top_inst/cn_ml_inst/mult_64wx64w_inst/U0/i_mult/gDSP.gDSP_only.iDSP/use_prim.appDSP48[1].bppDSP48[1].use_dsp.use_dsp48e2.iDSP48E2/A[9] is connected to registers with an asynchronous reset. This is preventing the possibility of merging these registers in to the DSP Block since the DSP block registers only possess synchronous reset capability.  It is suggested to recode or change these registers to remove the reset or use a synchronous reset to get the best optimization for performance, power and area.
Related violations: <none>

DPIR-2#18 Warning
Asynchronous driver check  
DSP multi_core_top_inst/genblk1[0].cn_top_inst/cn_ml_inst/mult_64wx64w_inst/U0/i_mult/gDSP.gDSP_only.iDSP/use_prim.appDSP48[1].bppDSP48[1].use_dsp.use_dsp48e2.iDSP48E2 input pin multi_core_top_inst/genblk1[0].cn_top_inst/cn_ml_inst/mult_64wx64w_inst/U0/i_mult/gDSP.gDSP_only.iDSP/use_prim.appDSP48[1].bppDSP48[1].use_dsp.use_dsp48e2.iDSP48E2/B[0] is connected to registers with an asynchronous reset. This is preventing the possibility of merging these registers in to the DSP Block since the DSP block registers only possess synchronous reset capability.  It is suggested to recode or change these registers to remove the reset or use a synchronous reset to get the best optimization for performance, power and area.
Related violations: <none>

DPIR-2#19 Warning
Asynchronous driver check  
DSP multi_core_top_inst/genblk1[0].cn_top_inst/cn_ml_inst/mult_64wx64w_inst/U0/i_mult/gDSP.gDSP_only.iDSP/use_prim.appDSP48[1].bppDSP48[1].use_dsp.use_dsp48e2.iDSP48E2 input pin multi_core_top_inst/genblk1[0].cn_top_inst/cn_ml_inst/mult_64wx64w_inst/U0/i_mult/gDSP.gDSP_only.iDSP/use_prim.appDSP48[1].bppDSP48[1].use_dsp.use_dsp48e2.iDSP48E2/B[10] is connected to registers with an asynchronous reset. This is preventing the possibility of merging these registers in to the DSP Block since the DSP block registers only possess synchronous reset capability.  It is suggested to recode or change these registers to remove the reset or use a synchronous reset to get the best optimization for performance, power and area.
Related violations: <none>

DPIR-2#20 Warning
Asynchronous driver check  
DSP multi_core_top_inst/genblk1[0].cn_top_inst/cn_ml_inst/mult_64wx64w_inst/U0/i_mult/gDSP.gDSP_only.iDSP/use_prim.appDSP48[1].bppDSP48[1].use_dsp.use_dsp48e2.iDSP48E2 input pin multi_core_top_inst/genblk1[0].cn_top_inst/cn_ml_inst/mult_64wx64w_inst/U0/i_mult/gDSP.gDSP_only.iDSP/use_prim.appDSP48[1].bppDSP48[1].use_dsp.use_dsp48e2.iDSP48E2/B[11] is connected to registers with an asynchronous reset. This is preventing the possibility of merging these registers in to the DSP Block since the DSP block registers only possess synchronous reset capability.  It is suggested to recode or change these registers to remove the reset or use a synchronous reset to get the best optimization for performance, power and area.
Related violations: <none>

DPIR-2#21 Warning
Asynchronous driver check  
DSP multi_core_top_inst/genblk1[0].cn_top_inst/cn_ml_inst/mult_64wx64w_inst/U0/i_mult/gDSP.gDSP_only.iDSP/use_prim.appDSP48[1].bppDSP48[1].use_dsp.use_dsp48e2.iDSP48E2 input pin multi_core_top_inst/genblk1[0].cn_top_inst/cn_ml_inst/mult_64wx64w_inst/U0/i_mult/gDSP.gDSP_only.iDSP/use_prim.appDSP48[1].bppDSP48[1].use_dsp.use_dsp48e2.iDSP48E2/B[12] is connected to registers with an asynchronous reset. This is preventing the possibility of merging these registers in to the DSP Block since the DSP block registers only possess synchronous reset capability.  It is suggested to recode or change these registers to remove the reset or use a synchronous reset to get the best optimization for performance, power and area.
Related violations: <none>

DPIR-2#22 Warning
Asynchronous driver check  
DSP multi_core_top_inst/genblk1[0].cn_top_inst/cn_ml_inst/mult_64wx64w_inst/U0/i_mult/gDSP.gDSP_only.iDSP/use_prim.appDSP48[1].bppDSP48[1].use_dsp.use_dsp48e2.iDSP48E2 input pin multi_core_top_inst/genblk1[0].cn_top_inst/cn_ml_inst/mult_64wx64w_inst/U0/i_mult/gDSP.gDSP_only.iDSP/use_prim.appDSP48[1].bppDSP48[1].use_dsp.use_dsp48e2.iDSP48E2/B[13] is connected to registers with an asynchronous reset. This is preventing the possibility of merging these registers in to the DSP Block since the DSP block registers only possess synchronous reset capability.  It is suggested to recode or change these registers to remove the reset or use a synchronous reset to get the best optimization for performance, power and area.
Related violations: <none>

DPIR-2#23 Warning
Asynchronous driver check  
DSP multi_core_top_inst/genblk1[0].cn_top_inst/cn_ml_inst/mult_64wx64w_inst/U0/i_mult/gDSP.gDSP_only.iDSP/use_prim.appDSP48[1].bppDSP48[1].use_dsp.use_dsp48e2.iDSP48E2 input pin multi_core_top_inst/genblk1[0].cn_top_inst/cn_ml_inst/mult_64wx64w_inst/U0/i_mult/gDSP.gDSP_only.iDSP/use_prim.appDSP48[1].bppDSP48[1].use_dsp.use_dsp48e2.iDSP48E2/B[14] is connected to registers with an asynchronous reset. This is preventing the possibility of merging these registers in to the DSP Block since the DSP block registers only possess synchronous reset capability.  It is suggested to recode or change these registers to remove the reset or use a synchronous reset to get the best optimization for performance, power and area.
Related violations: <none>

DPIR-2#24 Warning
Asynchronous driver check  
DSP multi_core_top_inst/genblk1[0].cn_top_inst/cn_ml_inst/mult_64wx64w_inst/U0/i_mult/gDSP.gDSP_only.iDSP/use_prim.appDSP48[1].bppDSP48[1].use_dsp.use_dsp48e2.iDSP48E2 input pin multi_core_top_inst/genblk1[0].cn_top_inst/cn_ml_inst/mult_64wx64w_inst/U0/i_mult/gDSP.gDSP_only.iDSP/use_prim.appDSP48[1].bppDSP48[1].use_dsp.use_dsp48e2.iDSP48E2/B[15] is connected to registers with an asynchronous reset. This is preventing the possibility of merging these registers in to the DSP Block since the DSP block registers only possess synchronous reset capability.  It is suggested to recode or change these registers to remove the reset or use a synchronous reset to get the best optimization for performance, power and area.
Related violations: <none>

DPIR-2#25 Warning
Asynchronous driver check  
DSP multi_core_top_inst/genblk1[0].cn_top_inst/cn_ml_inst/mult_64wx64w_inst/U0/i_mult/gDSP.gDSP_only.iDSP/use_prim.appDSP48[1].bppDSP48[1].use_dsp.use_dsp48e2.iDSP48E2 input pin multi_core_top_inst/genblk1[0].cn_top_inst/cn_ml_inst/mult_64wx64w_inst/U0/i_mult/gDSP.gDSP_only.iDSP/use_prim.appDSP48[1].bppDSP48[1].use_dsp.use_dsp48e2.iDSP48E2/B[16] is connected to registers with an asynchronous reset. This is preventing the possibility of merging these registers in to the DSP Block since the DSP block registers only possess synchronous reset capability.  It is suggested to recode or change these registers to remove the reset or use a synchronous reset to get the best optimization for performance, power and area.
Related violations: <none>

DPIR-2#26 Warning
Asynchronous driver check  
DSP multi_core_top_inst/genblk1[0].cn_top_inst/cn_ml_inst/mult_64wx64w_inst/U0/i_mult/gDSP.gDSP_only.iDSP/use_prim.appDSP48[1].bppDSP48[1].use_dsp.use_dsp48e2.iDSP48E2 input pin multi_core_top_inst/genblk1[0].cn_top_inst/cn_ml_inst/mult_64wx64w_inst/U0/i_mult/gDSP.gDSP_only.iDSP/use_prim.appDSP48[1].bppDSP48[1].use_dsp.use_dsp48e2.iDSP48E2/B[1] is connected to registers with an asynchronous reset. This is preventing the possibility of merging these registers in to the DSP Block since the DSP block registers only possess synchronous reset capability.  It is suggested to recode or change these registers to remove the reset or use a synchronous reset to get the best optimization for performance, power and area.
Related violations: <none>

DPIR-2#27 Warning
Asynchronous driver check  
DSP multi_core_top_inst/genblk1[0].cn_top_inst/cn_ml_inst/mult_64wx64w_inst/U0/i_mult/gDSP.gDSP_only.iDSP/use_prim.appDSP48[1].bppDSP48[1].use_dsp.use_dsp48e2.iDSP48E2 input pin multi_core_top_inst/genblk1[0].cn_top_inst/cn_ml_inst/mult_64wx64w_inst/U0/i_mult/gDSP.gDSP_only.iDSP/use_prim.appDSP48[1].bppDSP48[1].use_dsp.use_dsp48e2.iDSP48E2/B[2] is connected to registers with an asynchronous reset. This is preventing the possibility of merging these registers in to the DSP Block since the DSP block registers only possess synchronous reset capability.  It is suggested to recode or change these registers to remove the reset or use a synchronous reset to get the best optimization for performance, power and area.
Related violations: <none>

DPIR-2#28 Warning
Asynchronous driver check  
DSP multi_core_top_inst/genblk1[0].cn_top_inst/cn_ml_inst/mult_64wx64w_inst/U0/i_mult/gDSP.gDSP_only.iDSP/use_prim.appDSP48[1].bppDSP48[1].use_dsp.use_dsp48e2.iDSP48E2 input pin multi_core_top_inst/genblk1[0].cn_top_inst/cn_ml_inst/mult_64wx64w_inst/U0/i_mult/gDSP.gDSP_only.iDSP/use_prim.appDSP48[1].bppDSP48[1].use_dsp.use_dsp48e2.iDSP48E2/B[3] is connected to registers with an asynchronous reset. This is preventing the possibility of merging these registers in to the DSP Block since the DSP block registers only possess synchronous reset capability.  It is suggested to recode or change these registers to remove the reset or use a synchronous reset to get the best optimization for performance, power and area.
Related violations: <none>

DPIR-2#29 Warning
Asynchronous driver check  
DSP multi_core_top_inst/genblk1[0].cn_top_inst/cn_ml_inst/mult_64wx64w_inst/U0/i_mult/gDSP.gDSP_only.iDSP/use_prim.appDSP48[1].bppDSP48[1].use_dsp.use_dsp48e2.iDSP48E2 input pin multi_core_top_inst/genblk1[0].cn_top_inst/cn_ml_inst/mult_64wx64w_inst/U0/i_mult/gDSP.gDSP_only.iDSP/use_prim.appDSP48[1].bppDSP48[1].use_dsp.use_dsp48e2.iDSP48E2/B[4] is connected to registers with an asynchronous reset. This is preventing the possibility of merging these registers in to the DSP Block since the DSP block registers only possess synchronous reset capability.  It is suggested to recode or change these registers to remove the reset or use a synchronous reset to get the best optimization for performance, power and area.
Related violations: <none>

DPIR-2#30 Warning
Asynchronous driver check  
DSP multi_core_top_inst/genblk1[0].cn_top_inst/cn_ml_inst/mult_64wx64w_inst/U0/i_mult/gDSP.gDSP_only.iDSP/use_prim.appDSP48[1].bppDSP48[1].use_dsp.use_dsp48e2.iDSP48E2 input pin multi_core_top_inst/genblk1[0].cn_top_inst/cn_ml_inst/mult_64wx64w_inst/U0/i_mult/gDSP.gDSP_only.iDSP/use_prim.appDSP48[1].bppDSP48[1].use_dsp.use_dsp48e2.iDSP48E2/B[5] is connected to registers with an asynchronous reset. This is preventing the possibility of merging these registers in to the DSP Block since the DSP block registers only possess synchronous reset capability.  It is suggested to recode or change these registers to remove the reset or use a synchronous reset to get the best optimization for performance, power and area.
Related violations: <none>

DPIR-2#31 Warning
Asynchronous driver check  
DSP multi_core_top_inst/genblk1[0].cn_top_inst/cn_ml_inst/mult_64wx64w_inst/U0/i_mult/gDSP.gDSP_only.iDSP/use_prim.appDSP48[1].bppDSP48[1].use_dsp.use_dsp48e2.iDSP48E2 input pin multi_core_top_inst/genblk1[0].cn_top_inst/cn_ml_inst/mult_64wx64w_inst/U0/i_mult/gDSP.gDSP_only.iDSP/use_prim.appDSP48[1].bppDSP48[1].use_dsp.use_dsp48e2.iDSP48E2/B[6] is connected to registers with an asynchronous reset. This is preventing the possibility of merging these registers in to the DSP Block since the DSP block registers only possess synchronous reset capability.  It is suggested to recode or change these registers to remove the reset or use a synchronous reset to get the best optimization for performance, power and area.
Related violations: <none>

DPIR-2#32 Warning
Asynchronous driver check  
DSP multi_core_top_inst/genblk1[0].cn_top_inst/cn_ml_inst/mult_64wx64w_inst/U0/i_mult/gDSP.gDSP_only.iDSP/use_prim.appDSP48[1].bppDSP48[1].use_dsp.use_dsp48e2.iDSP48E2 input pin multi_core_top_inst/genblk1[0].cn_top_inst/cn_ml_inst/mult_64wx64w_inst/U0/i_mult/gDSP.gDSP_only.iDSP/use_prim.appDSP48[1].bppDSP48[1].use_dsp.use_dsp48e2.iDSP48E2/B[7] is connected to registers with an asynchronous reset. This is preventing the possibility of merging these registers in to the DSP Block since the DSP block registers only possess synchronous reset capability.  It is suggested to recode or change these registers to remove the reset or use a synchronous reset to get the best optimization for performance, power and area.
Related violations: <none>

DPIR-2#33 Warning
Asynchronous driver check  
DSP multi_core_top_inst/genblk1[0].cn_top_inst/cn_ml_inst/mult_64wx64w_inst/U0/i_mult/gDSP.gDSP_only.iDSP/use_prim.appDSP48[1].bppDSP48[1].use_dsp.use_dsp48e2.iDSP48E2 input pin multi_core_top_inst/genblk1[0].cn_top_inst/cn_ml_inst/mult_64wx64w_inst/U0/i_mult/gDSP.gDSP_only.iDSP/use_prim.appDSP48[1].bppDSP48[1].use_dsp.use_dsp48e2.iDSP48E2/B[8] is connected to registers with an asynchronous reset. This is preventing the possibility of merging these registers in to the DSP Block since the DSP block registers only possess synchronous reset capability.  It is suggested to recode or change these registers to remove the reset or use a synchronous reset to get the best optimization for performance, power and area.
Related violations: <none>

DPIR-2#34 Warning
Asynchronous driver check  
DSP multi_core_top_inst/genblk1[0].cn_top_inst/cn_ml_inst/mult_64wx64w_inst/U0/i_mult/gDSP.gDSP_only.iDSP/use_prim.appDSP48[1].bppDSP48[1].use_dsp.use_dsp48e2.iDSP48E2 input pin multi_core_top_inst/genblk1[0].cn_top_inst/cn_ml_inst/mult_64wx64w_inst/U0/i_mult/gDSP.gDSP_only.iDSP/use_prim.appDSP48[1].bppDSP48[1].use_dsp.use_dsp48e2.iDSP48E2/B[9] is connected to registers with an asynchronous reset. This is preventing the possibility of merging these registers in to the DSP Block since the DSP block registers only possess synchronous reset capability.  It is suggested to recode or change these registers to remove the reset or use a synchronous reset to get the best optimization for performance, power and area.
Related violations: <none>

LUTAR-1#1 Warning
LUT drives async reset alert  
LUT cell dbg_hub/inst/BSCANID.u_xsdbm_id/CORE_XSDB.UUT_MASTER/U_ICON_INTERFACE/U_CMD6_RD/U_RD_FIFO/SUBCORE_FIFO.xsdbm_v3_0_0_rdfifo_inst/inst_fifo_gen/gconvfifo.rf/grf.rf/rstblk/ngwrdrst.grst.g7serrst.gwrrd_rst_sync_stage[2].rrst_inst/ngwrdrst.grst.g7serrst.rd_rst_reg[2]_i_1, with 2 or more inputs, drives asynchronous preset/clear pin(s) dbg_hub/inst/BSCANID.u_xsdbm_id/CORE_XSDB.UUT_MASTER/U_ICON_INTERFACE/U_CMD6_RD/U_RD_FIFO/SUBCORE_FIFO.xsdbm_v3_0_0_rdfifo_inst/inst_fifo_gen/gconvfifo.rf/grf.rf/rstblk/ngwrdrst.grst.g7serrst.rd_rst_reg_reg[0]/PRE, dbg_hub/inst/BSCANID.u_xsdbm_id/CORE_XSDB.UUT_MASTER/U_ICON_INTERFACE/U_CMD6_RD/U_RD_FIFO/SUBCORE_FIFO.xsdbm_v3_0_0_rdfifo_inst/inst_fifo_gen/gconvfifo.rf/grf.rf/rstblk/ngwrdrst.grst.g7serrst.rd_rst_reg_reg[1]/PRE, dbg_hub/inst/BSCANID.u_xsdbm_id/CORE_XSDB.UUT_MASTER/U_ICON_INTERFACE/U_CMD6_RD/U_RD_FIFO/SUBCORE_FIFO.xsdbm_v3_0_0_rdfifo_inst/inst_fifo_gen/gconvfifo.rf/grf.rf/rstblk/ngwrdrst.grst.g7serrst.rd_rst_reg_reg[2]/PRE. The LUT may glitch and trigger an unexpected reset, even if it is a properly timed path.
Related violations: <none>

LUTAR-1#2 Warning
LUT drives async reset alert  
LUT cell dbg_hub/inst/BSCANID.u_xsdbm_id/CORE_XSDB.UUT_MASTER/U_ICON_INTERFACE/U_CMD6_RD/U_RD_FIFO/SUBCORE_FIFO.xsdbm_v3_0_0_rdfifo_inst/inst_fifo_gen/gconvfifo.rf/grf.rf/rstblk/ngwrdrst.grst.g7serrst.gwrrd_rst_sync_stage[2].wrst_inst/ngwrdrst.grst.g7serrst.wr_rst_reg[2]_i_1, with 2 or more inputs, drives asynchronous preset/clear pin(s) dbg_hub/inst/BSCANID.u_xsdbm_id/CORE_XSDB.UUT_MASTER/U_ICON_INTERFACE/U_CMD6_RD/U_RD_FIFO/SUBCORE_FIFO.xsdbm_v3_0_0_rdfifo_inst/inst_fifo_gen/gconvfifo.rf/grf.rf/rstblk/ngwrdrst.grst.g7serrst.wr_rst_reg_reg[0]/PRE, dbg_hub/inst/BSCANID.u_xsdbm_id/CORE_XSDB.UUT_MASTER/U_ICON_INTERFACE/U_CMD6_RD/U_RD_FIFO/SUBCORE_FIFO.xsdbm_v3_0_0_rdfifo_inst/inst_fifo_gen/gconvfifo.rf/grf.rf/rstblk/ngwrdrst.grst.g7serrst.wr_rst_reg_reg[1]/PRE, dbg_hub/inst/BSCANID.u_xsdbm_id/CORE_XSDB.UUT_MASTER/U_ICON_INTERFACE/U_CMD6_RD/U_RD_FIFO/SUBCORE_FIFO.xsdbm_v3_0_0_rdfifo_inst/inst_fifo_gen/gconvfifo.rf/grf.rf/rstblk/ngwrdrst.grst.g7serrst.wr_rst_reg_reg[2]/PRE. The LUT may glitch and trigger an unexpected reset, even if it is a properly timed path.
Related violations: <none>

LUTAR-1#3 Warning
LUT drives async reset alert  
LUT cell dbg_hub/inst/BSCANID.u_xsdbm_id/CORE_XSDB.UUT_MASTER/U_ICON_INTERFACE/U_CMD6_WR/U_WR_FIFO/SUBCORE_FIFO.xsdbm_v3_0_0_wrfifo_inst/inst_fifo_gen/gconvfifo.rf/grf.rf/rstblk/ngwrdrst.grst.g7serrst.gwrrd_rst_sync_stage[2].rrst_inst/ngwrdrst.grst.g7serrst.rd_rst_reg[2]_i_1, with 2 or more inputs, drives asynchronous preset/clear pin(s) dbg_hub/inst/BSCANID.u_xsdbm_id/CORE_XSDB.UUT_MASTER/U_ICON_INTERFACE/U_CMD6_WR/U_WR_FIFO/SUBCORE_FIFO.xsdbm_v3_0_0_wrfifo_inst/inst_fifo_gen/gconvfifo.rf/grf.rf/rstblk/ngwrdrst.grst.g7serrst.rd_rst_reg_reg[0]/PRE, dbg_hub/inst/BSCANID.u_xsdbm_id/CORE_XSDB.UUT_MASTER/U_ICON_INTERFACE/U_CMD6_WR/U_WR_FIFO/SUBCORE_FIFO.xsdbm_v3_0_0_wrfifo_inst/inst_fifo_gen/gconvfifo.rf/grf.rf/rstblk/ngwrdrst.grst.g7serrst.rd_rst_reg_reg[1]/PRE, dbg_hub/inst/BSCANID.u_xsdbm_id/CORE_XSDB.UUT_MASTER/U_ICON_INTERFACE/U_CMD6_WR/U_WR_FIFO/SUBCORE_FIFO.xsdbm_v3_0_0_wrfifo_inst/inst_fifo_gen/gconvfifo.rf/grf.rf/rstblk/ngwrdrst.grst.g7serrst.rd_rst_reg_reg[2]/PRE. The LUT may glitch and trigger an unexpected reset, even if it is a properly timed path.
Related violations: <none>

LUTAR-1#4 Warning
LUT drives async reset alert  
LUT cell dbg_hub/inst/BSCANID.u_xsdbm_id/CORE_XSDB.UUT_MASTER/U_ICON_INTERFACE/U_CMD6_WR/U_WR_FIFO/SUBCORE_FIFO.xsdbm_v3_0_0_wrfifo_inst/inst_fifo_gen/gconvfifo.rf/grf.rf/rstblk/ngwrdrst.grst.g7serrst.gwrrd_rst_sync_stage[2].wrst_inst/ngwrdrst.grst.g7serrst.wr_rst_reg[2]_i_1, with 2 or more inputs, drives asynchronous preset/clear pin(s) dbg_hub/inst/BSCANID.u_xsdbm_id/CORE_XSDB.UUT_MASTER/U_ICON_INTERFACE/U_CMD6_WR/U_WR_FIFO/SUBCORE_FIFO.xsdbm_v3_0_0_wrfifo_inst/inst_fifo_gen/gconvfifo.rf/grf.rf/rstblk/ngwrdrst.grst.g7serrst.wr_rst_reg_reg[0]/PRE, dbg_hub/inst/BSCANID.u_xsdbm_id/CORE_XSDB.UUT_MASTER/U_ICON_INTERFACE/U_CMD6_WR/U_WR_FIFO/SUBCORE_FIFO.xsdbm_v3_0_0_wrfifo_inst/inst_fifo_gen/gconvfifo.rf/grf.rf/rstblk/ngwrdrst.grst.g7serrst.wr_rst_reg_reg[1]/PRE, dbg_hub/inst/BSCANID.u_xsdbm_id/CORE_XSDB.UUT_MASTER/U_ICON_INTERFACE/U_CMD6_WR/U_WR_FIFO/SUBCORE_FIFO.xsdbm_v3_0_0_wrfifo_inst/inst_fifo_gen/gconvfifo.rf/grf.rf/rstblk/ngwrdrst.grst.g7serrst.wr_rst_reg_reg[2]/PRE. The LUT may glitch and trigger an unexpected reset, even if it is a properly timed path.
Related violations: <none>

LUTAR-1#5 Warning
LUT drives async reset alert  
LUT cell dbg_hub/inst/BSCANID.u_xsdbm_id/SWITCH_N_EXT_BSCAN.bscan_switch/m_bscan_sel[0]_INST_0, with 2 or more inputs, drives asynchronous preset/clear pin(s) dbg_hub/inst/BSCANID.u_xsdbm_id/CORE_XSDB.U_ICON/U_CMD/iTARGET_reg[10]/CLR, dbg_hub/inst/BSCANID.u_xsdbm_id/CORE_XSDB.U_ICON/U_CMD/iTARGET_reg[11]/CLR, dbg_hub/inst/BSCANID.u_xsdbm_id/CORE_XSDB.U_ICON/U_CMD/iTARGET_reg[12]/CLR, dbg_hub/inst/BSCANID.u_xsdbm_id/CORE_XSDB.U_ICON/U_CMD/iTARGET_reg[13]/CLR, dbg_hub/inst/BSCANID.u_xsdbm_id/CORE_XSDB.U_ICON/U_CMD/iTARGET_reg[14]/CLR, dbg_hub/inst/BSCANID.u_xsdbm_id/CORE_XSDB.U_ICON/U_CMD/iTARGET_reg[15]/CLR, dbg_hub/inst/BSCANID.u_xsdbm_id/CORE_XSDB.U_ICON/U_CMD/iTARGET_reg[6]/CLR, dbg_hub/inst/BSCANID.u_xsdbm_id/CORE_XSDB.U_ICON/U_CMD/iTARGET_reg[7]/CLR, dbg_hub/inst/BSCANID.u_xsdbm_id/CORE_XSDB.U_ICON/U_CMD/iTARGET_reg[8]/CLR, dbg_hub/inst/BSCANID.u_xsdbm_id/CORE_XSDB.U_ICON/U_CMD/iTARGET_reg[9]/CLR. The LUT may glitch and trigger an unexpected reset, even if it is a properly timed path.
Related violations: <none>

LUTAR-1#6 Warning
LUT drives async reset alert  
LUT cell xdma_0_i/inst/pcie4_ip_i/inst/gt_top_i/diablo_gt.diablo_gt_phy_wrapper/gt_wizard.gtwizard_top_i/xdma_0_pcie4_ip_gt_i/inst/gen_gtwizard_gtye4_top.xdma_0_pcie4_ip_gt_gtwizard_gtye4_inst/rst_in_meta_i_1, with 2 or more inputs, drives asynchronous preset/clear pin(s) xdma_0_i/inst/pcie4_ip_i/inst/gt_top_i/diablo_gt.diablo_gt_phy_wrapper/gt_wizard.gtwizard_top_i/xdma_0_pcie4_ip_gt_i/inst/gen_gtwizard_gtye4_top.xdma_0_pcie4_ip_gt_gtwizard_gtye4_inst/gen_gtwizard_gtye4.gen_cpll_cal_gtye4.gen_cpll_cal_inst[0].gen_inst_cpll_cal.gtwizard_ultrascale_v1_7_6_gtye4_cpll_cal_inst/reset_synchronizer_resetin_tx_inst/rst_in_meta_reg/PRE, xdma_0_i/inst/pcie4_ip_i/inst/gt_top_i/diablo_gt.diablo_gt_phy_wrapper/gt_wizard.gtwizard_top_i/xdma_0_pcie4_ip_gt_i/inst/gen_gtwizard_gtye4_top.xdma_0_pcie4_ip_gt_gtwizard_gtye4_inst/gen_gtwizard_gtye4.gen_cpll_cal_gtye4.gen_cpll_cal_inst[0].gen_inst_cpll_cal.gtwizard_ultrascale_v1_7_6_gtye4_cpll_cal_inst/reset_synchronizer_resetin_tx_inst/rst_in_out_reg/PRE, xdma_0_i/inst/pcie4_ip_i/inst/gt_top_i/diablo_gt.diablo_gt_phy_wrapper/gt_wizard.gtwizard_top_i/xdma_0_pcie4_ip_gt_i/inst/gen_gtwizard_gtye4_top.xdma_0_pcie4_ip_gt_gtwizard_gtye4_inst/gen_gtwizard_gtye4.gen_cpll_cal_gtye4.gen_cpll_cal_inst[0].gen_inst_cpll_cal.gtwizard_ultrascale_v1_7_6_gtye4_cpll_cal_inst/reset_synchronizer_resetin_tx_inst/rst_in_sync1_reg/PRE, xdma_0_i/inst/pcie4_ip_i/inst/gt_top_i/diablo_gt.diablo_gt_phy_wrapper/gt_wizard.gtwizard_top_i/xdma_0_pcie4_ip_gt_i/inst/gen_gtwizard_gtye4_top.xdma_0_pcie4_ip_gt_gtwizard_gtye4_inst/gen_gtwizard_gtye4.gen_cpll_cal_gtye4.gen_cpll_cal_inst[0].gen_inst_cpll_cal.gtwizard_ultrascale_v1_7_6_gtye4_cpll_cal_inst/reset_synchronizer_resetin_tx_inst/rst_in_sync2_reg/PRE, xdma_0_i/inst/pcie4_ip_i/inst/gt_top_i/diablo_gt.diablo_gt_phy_wrapper/gt_wizard.gtwizard_top_i/xdma_0_pcie4_ip_gt_i/inst/gen_gtwizard_gtye4_top.xdma_0_pcie4_ip_gt_gtwizard_gtye4_inst/gen_gtwizard_gtye4.gen_cpll_cal_gtye4.gen_cpll_cal_inst[0].gen_inst_cpll_cal.gtwizard_ultrascale_v1_7_6_gtye4_cpll_cal_inst/reset_synchronizer_resetin_tx_inst/rst_in_sync3_reg/PRE. The LUT may glitch and trigger an unexpected reset, even if it is a properly timed path.
Related violations: <none>

LUTAR-1#7 Warning
LUT drives async reset alert  
LUT cell xdma_0_i/inst/pcie4_ip_i/inst/gt_top_i/diablo_gt.diablo_gt_phy_wrapper/gt_wizard.gtwizard_top_i/xdma_0_pcie4_ip_gt_i/inst/gen_gtwizard_gtye4_top.xdma_0_pcie4_ip_gt_gtwizard_gtye4_inst/rst_in_meta_i_1__0, with 2 or more inputs, drives asynchronous preset/clear pin(s) xdma_0_i/inst/pcie4_ip_i/inst/gt_top_i/diablo_gt.diablo_gt_phy_wrapper/gt_wizard.gtwizard_top_i/xdma_0_pcie4_ip_gt_i/inst/gen_gtwizard_gtye4_top.xdma_0_pcie4_ip_gt_gtwizard_gtye4_inst/gen_gtwizard_gtye4.gen_cpll_cal_gtye4.gen_cpll_cal_inst[1].gen_inst_cpll_cal.gtwizard_ultrascale_v1_7_6_gtye4_cpll_cal_inst/reset_synchronizer_resetin_tx_inst/rst_in_meta_reg/PRE, xdma_0_i/inst/pcie4_ip_i/inst/gt_top_i/diablo_gt.diablo_gt_phy_wrapper/gt_wizard.gtwizard_top_i/xdma_0_pcie4_ip_gt_i/inst/gen_gtwizard_gtye4_top.xdma_0_pcie4_ip_gt_gtwizard_gtye4_inst/gen_gtwizard_gtye4.gen_cpll_cal_gtye4.gen_cpll_cal_inst[1].gen_inst_cpll_cal.gtwizard_ultrascale_v1_7_6_gtye4_cpll_cal_inst/reset_synchronizer_resetin_tx_inst/rst_in_out_reg/PRE, xdma_0_i/inst/pcie4_ip_i/inst/gt_top_i/diablo_gt.diablo_gt_phy_wrapper/gt_wizard.gtwizard_top_i/xdma_0_pcie4_ip_gt_i/inst/gen_gtwizard_gtye4_top.xdma_0_pcie4_ip_gt_gtwizard_gtye4_inst/gen_gtwizard_gtye4.gen_cpll_cal_gtye4.gen_cpll_cal_inst[1].gen_inst_cpll_cal.gtwizard_ultrascale_v1_7_6_gtye4_cpll_cal_inst/reset_synchronizer_resetin_tx_inst/rst_in_sync1_reg/PRE, xdma_0_i/inst/pcie4_ip_i/inst/gt_top_i/diablo_gt.diablo_gt_phy_wrapper/gt_wizard.gtwizard_top_i/xdma_0_pcie4_ip_gt_i/inst/gen_gtwizard_gtye4_top.xdma_0_pcie4_ip_gt_gtwizard_gtye4_inst/gen_gtwizard_gtye4.gen_cpll_cal_gtye4.gen_cpll_cal_inst[1].gen_inst_cpll_cal.gtwizard_ultrascale_v1_7_6_gtye4_cpll_cal_inst/reset_synchronizer_resetin_tx_inst/rst_in_sync2_reg/PRE, xdma_0_i/inst/pcie4_ip_i/inst/gt_top_i/diablo_gt.diablo_gt_phy_wrapper/gt_wizard.gtwizard_top_i/xdma_0_pcie4_ip_gt_i/inst/gen_gtwizard_gtye4_top.xdma_0_pcie4_ip_gt_gtwizard_gtye4_inst/gen_gtwizard_gtye4.gen_cpll_cal_gtye4.gen_cpll_cal_inst[1].gen_inst_cpll_cal.gtwizard_ultrascale_v1_7_6_gtye4_cpll_cal_inst/reset_synchronizer_resetin_tx_inst/rst_in_sync3_reg/PRE. The LUT may glitch and trigger an unexpected reset, even if it is a properly timed path.
Related violations: <none>

LUTAR-1#8 Warning
LUT drives async reset alert  
LUT cell xdma_0_i/inst/pcie4_ip_i/inst/gt_top_i/diablo_gt.diablo_gt_phy_wrapper/phy_rst_i/FSM_sequential_pwr_on_fsm_i_2, with 2 or more inputs, drives asynchronous preset/clear pin(s) xdma_0_i/inst/pcie4_ip_i/inst/gt_top_i/diablo_gt.diablo_gt_phy_wrapper/rst_psrst_n_r_reg[0]/CLR, xdma_0_i/inst/pcie4_ip_i/inst/gt_top_i/diablo_gt.diablo_gt_phy_wrapper/rst_psrst_n_r_reg[1]/CLR, xdma_0_i/inst/pcie4_ip_i/inst/gt_top_i/diablo_gt.diablo_gt_phy_wrapper/rst_psrst_n_r_reg[2]/CLR. The LUT may glitch and trigger an unexpected reset, even if it is a properly timed path.
Related violations: <none>

LUTAR-1#9 Warning
LUT drives async reset alert  
LUT cell xdma_0_i/inst/pcie4_ip_i/inst/gt_top_i/diablo_gt.diablo_gt_phy_wrapper/phy_rst_i/bufg_gt_userclk_i_2, with 2 or more inputs, drives asynchronous preset/clear pin(s) xdma_0_i/inst/pcie4_ip_i/inst/gt_top_i/diablo_gt.diablo_gt_phy_wrapper/gt_wizard.gtwizard_top_i/xdma_0_pcie4_ip_gt_i/inst/gen_gtwizard_gtye4_top.xdma_0_pcie4_ip_gt_gtwizard_gtye4_inst/gen_gtwizard_gtye4.gen_channel_container[32].gen_enabled_channel.gtye4_channel_wrapper_inst/channel_inst/BUFG_GT_SYNC_1/CLR. The LUT may glitch and trigger an unexpected reset, even if it is a properly timed path.
Related violations: <none>

LUTAR-1#10 Warning
LUT drives async reset alert  
LUT cell xdma_0_i/inst/pcie4_ip_i/inst/gt_top_i/diablo_gt.diablo_gt_phy_wrapper/phy_rst_i/intclk_rrst_n_r[4]_i_1, with 2 or more inputs, drives asynchronous preset/clear pin(s) xdma_0_i/inst/pcie4_ip_i/inst/gt_top_i/diablo_gt.diablo_gt_phy_wrapper/phy_rst_i/intclk_rrst_n_r_reg[0]/CLR, xdma_0_i/inst/pcie4_ip_i/inst/gt_top_i/diablo_gt.diablo_gt_phy_wrapper/phy_rst_i/intclk_rrst_n_r_reg[1]/CLR, xdma_0_i/inst/pcie4_ip_i/inst/gt_top_i/diablo_gt.diablo_gt_phy_wrapper/phy_rst_i/intclk_rrst_n_r_reg[2]/CLR, xdma_0_i/inst/pcie4_ip_i/inst/gt_top_i/diablo_gt.diablo_gt_phy_wrapper/phy_rst_i/intclk_rrst_n_r_reg[3]/CLR, xdma_0_i/inst/pcie4_ip_i/inst/gt_top_i/diablo_gt.diablo_gt_phy_wrapper/phy_rst_i/intclk_rrst_n_r_reg[4]/CLR. The LUT may glitch and trigger an unexpected reset, even if it is a properly timed path.
Related violations: <none>

LUTAR-1#11 Warning
LUT drives async reset alert  
LUT cell xdma_0_i/inst/pcie4_ip_i/inst/gt_top_i/diablo_gt.diablo_gt_phy_wrapper/phy_rst_i/sync_cplllock/sync_vec[0].sync_cell_i/FSM_onehot_fsm[1]_i_1, with 2 or more inputs, drives asynchronous preset/clear pin(s) xdma_0_i/inst/pcie4_ip_i/inst/gt_top_i/diablo_gt.diablo_gt_phy_wrapper/phy_rst_i/prst_n_r_reg[0]/CLR, xdma_0_i/inst/pcie4_ip_i/inst/gt_top_i/diablo_gt.diablo_gt_phy_wrapper/phy_rst_i/prst_n_r_reg[1]/CLR, xdma_0_i/inst/pcie4_ip_i/inst/gt_top_i/diablo_gt.diablo_gt_phy_wrapper/phy_rst_i/prst_n_r_reg[2]/CLR. The LUT may glitch and trigger an unexpected reset, even if it is a properly timed path.
Related violations: <none>

LUTAR-1#12 Warning
LUT drives async reset alert  
LUT cell xdma_0_i/inst/pcie4_ip_i/inst/pcie_4_0_pipe_inst/as_mac_in_detect_user_i_2, with 2 or more inputs, drives asynchronous preset/clear pin(s) xdma_0_i/inst/pcie4_ip_i/inst/pipe_tx_rate_ff_reg[0]/CLR, xdma_0_i/inst/pcie4_ip_i/inst/pipe_tx_rate_ff_reg[1]/CLR, xdma_0_i/inst/pcie4_ip_i/inst/speed_change_in_progress_reg/CLR, xdma_0_i/inst/pcie4_ip_i/inst/as_mac_in_detect_ff1_reg/PRE, xdma_0_i/inst/pcie4_ip_i/inst/as_mac_in_detect_ff_reg/PRE, xdma_0_i/inst/pcie4_ip_i/inst/as_mac_in_detect_user_reg/PRE. The LUT may glitch and trigger an unexpected reset, even if it is a properly timed path.
Related violations: <none>

LUTAR-1#13 Warning
LUT drives async reset alert  
LUT cell xdma_0_i/inst/pcie4_ip_i/inst/pcie_4_0_pipe_inst/user_lnk_up_i_1, with 2 or more inputs, drives asynchronous preset/clear pin(s) xdma_0_i/inst/pcie4_ip_i/inst/user_lnk_up_reg/CLR. The LUT may glitch and trigger an unexpected reset, even if it is a properly timed path.
Related violations: <none>

LUTAR-1#14 Warning
LUT drives async reset alert  
LUT cell xdma_0_i/inst/pcie4_ip_i/inst/pcie_4_0_pipe_inst/user_reset_i_1, with 2 or more inputs, drives asynchronous preset/clear pin(s) xdma_0_i/inst/pcie4_ip_i/inst/user_reset_reg/PRE, xdma_0_i/inst/pcie4_ip_i/inst/user_reset_reg_bufg_rep/PRE, xdma_0_i/inst/pcie4_ip_i/inst/user_reset_cdc/arststages_ff_reg[0]/PRE, xdma_0_i/inst/pcie4_ip_i/inst/user_reset_cdc/arststages_ff_reg[1]/PRE. The LUT may glitch and trigger an unexpected reset, even if it is a properly timed path.
Related violations: <none>

LUTAR-1#15 Warning
LUT drives async reset alert  
LUT cell xdma_0_i/inst/ram_top/C2H_PCIE_DSC_CPLD_RAM/the_bram_reg_bram_0_REGCEB_cooolgate_en_gate_48, with 2 or more inputs, drives asynchronous preset/clear pin(s) xdma_0_i/inst/pcie4_ip_i/inst/user_lnk_up_cdc/arststages_ff_reg[0]/CLR, xdma_0_i/inst/pcie4_ip_i/inst/user_lnk_up_cdc/arststages_ff_reg[1]/CLR. The LUT may glitch and trigger an unexpected reset, even if it is a properly timed path.
Related violations: <none>

SYNTH-10#1 Warning
Wide multiplier  
Detected multiplier at multi_core_top_inst/genblk1[0].cn_top_inst/cn_ml_inst/random_math_inst/p_1_out of size 16x18, it is decomposed from a wide multipler into 4 DSP blocks.
Related violations: <none>

SYNTH-10#2 Warning
Wide multiplier  
Detected multiplier at multi_core_top_inst/genblk1[0].cn_top_inst/cn_ml_inst/random_math_inst/p_1_out__0 of size 18x18, it is decomposed from a wide multipler into 4 DSP blocks.
Related violations: <none>

SYNTH-10#3 Warning
Wide multiplier  
Detected multiplier at multi_core_top_inst/genblk1[0].cn_top_inst/cn_ml_inst/random_math_inst/p_1_out__1 of size 18x16, it is decomposed from a wide multipler into 4 DSP blocks.
Related violations: <none>

TIMING-9#1 Warning
Unknown CDC Logic  
One or more asynchronous Clock Domain Crossing has been detected between 2 clock domains through a set_false_path or a set_clock_groups or set_max_delay -datapath_only constraint but no double-registers logic synchronizer has been found on the side of the capture clock. It is recommended to run report_cdc for a complete and detailed CDC coverage. Please consider using XPM_CDC to avoid Critical severities
Related violations: <none>

TIMING-10#1 Warning
Missing property on synchronizer  
One or more logic synchronizer has been detected between 2 clock domains but the synchronizer does not have the property ASYNC_REG defined on one or both registers. It is recommended to run report_cdc for a complete and detailed CDC coverage
Related violations: <none>

TIMING-24#1 Warning
Overridden Max delay datapath only  
A set_clock_groups or a set_false path (see constraint position 62 in the Timing Constraints window in Vivado IDE) between clocks user_clk and clk_out2_clk_wiz_0 overrides a set_max_delay -datapath_only (position 100). It is not recommended to override a set_max_delay -datapath_only constraint. Replace the set_clock_groups or set_false_path between clocks with point-to-point set_false_path constraints
Related violations: <none>

TIMING-24#2 Warning
Overridden Max delay datapath only  
A set_clock_groups or a set_false path (see constraint position 62 in the Timing Constraints window in Vivado IDE) between clocks user_clk and clk_out2_clk_wiz_0 overrides a set_max_delay -datapath_only (position 102). It is not recommended to override a set_max_delay -datapath_only constraint. Replace the set_clock_groups or set_false_path between clocks with point-to-point set_false_path constraints
Related violations: <none>

TIMING-24#3 Warning
Overridden Max delay datapath only  
A set_clock_groups or a set_false path (see constraint position 62 in the Timing Constraints window in Vivado IDE) between clocks user_clk and clk_out2_clk_wiz_0 overrides a set_max_delay -datapath_only (position 108). It is not recommended to override a set_max_delay -datapath_only constraint. Replace the set_clock_groups or set_false_path between clocks with point-to-point set_false_path constraints
Related violations: <none>

TIMING-24#4 Warning
Overridden Max delay datapath only  
A set_clock_groups or a set_false path (see constraint position 62 in the Timing Constraints window in Vivado IDE) between clocks user_clk and clk_out2_clk_wiz_0 overrides a set_max_delay -datapath_only (position 110). It is not recommended to override a set_max_delay -datapath_only constraint. Replace the set_clock_groups or set_false_path between clocks with point-to-point set_false_path constraints
Related violations: <none>

TIMING-24#5 Warning
Overridden Max delay datapath only  
A set_clock_groups or a set_false path (see constraint position 62 in the Timing Constraints window in Vivado IDE) between clocks user_clk and clk_out2_clk_wiz_0 overrides a set_max_delay -datapath_only (position 116). It is not recommended to override a set_max_delay -datapath_only constraint. Replace the set_clock_groups or set_false_path between clocks with point-to-point set_false_path constraints
Related violations: <none>

TIMING-24#6 Warning
Overridden Max delay datapath only  
A set_clock_groups or a set_false path (see constraint position 62 in the Timing Constraints window in Vivado IDE) between clocks user_clk and clk_out2_clk_wiz_0 overrides a set_max_delay -datapath_only (position 88). It is not recommended to override a set_max_delay -datapath_only constraint. Replace the set_clock_groups or set_false_path between clocks with point-to-point set_false_path constraints
Related violations: <none>

TIMING-24#7 Warning
Overridden Max delay datapath only  
A set_clock_groups or a set_false path (see constraint position 62 in the Timing Constraints window in Vivado IDE) between clocks user_clk and clk_out2_clk_wiz_0 overrides a set_max_delay -datapath_only (position 90). It is not recommended to override a set_max_delay -datapath_only constraint. Replace the set_clock_groups or set_false_path between clocks with point-to-point set_false_path constraints
Related violations: <none>

TIMING-24#8 Warning
Overridden Max delay datapath only  
A set_clock_groups or a set_false path (see constraint position 62 in the Timing Constraints window in Vivado IDE) between clocks user_clk and clk_out2_clk_wiz_0 overrides a set_max_delay -datapath_only (position 94). It is not recommended to override a set_max_delay -datapath_only constraint. Replace the set_clock_groups or set_false_path between clocks with point-to-point set_false_path constraints
Related violations: <none>

TIMING-24#9 Warning
Overridden Max delay datapath only  
A set_clock_groups or a set_false path (see constraint position 65 in the Timing Constraints window in Vivado IDE) between clocks clk_out2_clk_wiz_0 and user_clk overrides a set_max_delay -datapath_only (position 104). It is not recommended to override a set_max_delay -datapath_only constraint. Replace the set_clock_groups or set_false_path between clocks with point-to-point set_false_path constraints
Related violations: <none>

TIMING-24#10 Warning
Overridden Max delay datapath only  
A set_clock_groups or a set_false path (see constraint position 65 in the Timing Constraints window in Vivado IDE) between clocks clk_out2_clk_wiz_0 and user_clk overrides a set_max_delay -datapath_only (position 106). It is not recommended to override a set_max_delay -datapath_only constraint. Replace the set_clock_groups or set_false_path between clocks with point-to-point set_false_path constraints
Related violations: <none>

TIMING-24#11 Warning
Overridden Max delay datapath only  
A set_clock_groups or a set_false path (see constraint position 65 in the Timing Constraints window in Vivado IDE) between clocks clk_out2_clk_wiz_0 and user_clk overrides a set_max_delay -datapath_only (position 114). It is not recommended to override a set_max_delay -datapath_only constraint. Replace the set_clock_groups or set_false_path between clocks with point-to-point set_false_path constraints
Related violations: <none>

TIMING-24#12 Warning
Overridden Max delay datapath only  
A set_clock_groups or a set_false path (see constraint position 65 in the Timing Constraints window in Vivado IDE) between clocks clk_out2_clk_wiz_0 and user_clk overrides a set_max_delay -datapath_only (position 92). It is not recommended to override a set_max_delay -datapath_only constraint. Replace the set_clock_groups or set_false_path between clocks with point-to-point set_false_path constraints
Related violations: <none>

TIMING-24#13 Warning
Overridden Max delay datapath only  
A set_clock_groups or a set_false path (see constraint position 65 in the Timing Constraints window in Vivado IDE) between clocks clk_out2_clk_wiz_0 and user_clk overrides a set_max_delay -datapath_only (position 96). It is not recommended to override a set_max_delay -datapath_only constraint. Replace the set_clock_groups or set_false_path between clocks with point-to-point set_false_path constraints
Related violations: <none>

TIMING-24#14 Warning
Overridden Max delay datapath only  
A set_clock_groups or a set_false path (see constraint position 65 in the Timing Constraints window in Vivado IDE) between clocks clk_out2_clk_wiz_0 and user_clk overrides a set_max_delay -datapath_only (position 98). It is not recommended to override a set_max_delay -datapath_only constraint. Replace the set_clock_groups or set_false_path between clocks with point-to-point set_false_path constraints
Related violations: <none>

TIMING-28#1 Warning
Auto-derived clock referenced by a timing constraint  
The auto-derived clock user_clk is referenced by name inside timing constraint (see constraint position 62 in the Timing Constraint window in Vivado IDE). It is recommended to reference an auto-derived clock by the pin name attached to the clock: get_clocks -of_objects [get_pins xdma_0_i/inst/pcie4_ip_i/inst/gt_top_i/diablo_gt.diablo_gt_phy_wrapper/phy_clk_i/bufg_gt_userclk/O]
Related violations: <none>

TIMING-28#2 Warning
Auto-derived clock referenced by a timing constraint  
The auto-derived clock user_clk is referenced by name inside timing constraint (see constraint position 63 in the Timing Constraint window in Vivado IDE). It is recommended to reference an auto-derived clock by the pin name attached to the clock: get_clocks -of_objects [get_pins xdma_0_i/inst/pcie4_ip_i/inst/gt_top_i/diablo_gt.diablo_gt_phy_wrapper/phy_clk_i/bufg_gt_userclk/O]
Related violations: <none>

TIMING-28#3 Warning
Auto-derived clock referenced by a timing constraint  
The auto-derived clock user_clk is referenced by name inside timing constraint (see constraint position 64 in the Timing Constraint window in Vivado IDE). It is recommended to reference an auto-derived clock by the pin name attached to the clock: get_clocks -of_objects [get_pins xdma_0_i/inst/pcie4_ip_i/inst/gt_top_i/diablo_gt.diablo_gt_phy_wrapper/phy_clk_i/bufg_gt_userclk/O]
Related violations: <none>

TIMING-28#4 Warning
Auto-derived clock referenced by a timing constraint  
The auto-derived clock user_clk is referenced by name inside timing constraint (see constraint position 65 in the Timing Constraint window in Vivado IDE). It is recommended to reference an auto-derived clock by the pin name attached to the clock: get_clocks -of_objects [get_pins xdma_0_i/inst/pcie4_ip_i/inst/gt_top_i/diablo_gt.diablo_gt_phy_wrapper/phy_clk_i/bufg_gt_userclk/O]
Related violations: <none>

XDCB-2#1 Warning
Clock defined on multiple objects  
The clock xdma_0_i/inst/pcie4_ip_i/inst/gt_top_i/diablo_gt.diablo_gt_phy_wrapper/gt_wizard.gtwizard_top_i/xdma_0_pcie4_ip_gt_i/inst/gen_gtwizard_gtye4_top.xdma_0_pcie4_ip_gt_gtwizard_gtye4_inst/gen_gtwizard_gtye4.gen_channel_container[32].gen_enabled_channel.gtye4_channel_wrapper_inst/channel_inst/gtye4_channel_gen.gen_gtye4_channel_inst[0].GTYE4_CHANNEL_PRIM_INST/TXOUTCLK is defined on multiple objects. Although this is logically functional for timing analysis, it cannot exist in hardware. It is recommended to define a primary clock on a single object.
create_clock -period 4.000 [get_pins -filter REF_PIN_NAME=~TXOUTCLK -of_objects [get_cells -hierarchical -filter { PRIMITIVE_TYPE =~ ADVANCED.GT.* }]]
/media/wanner/work/work/fpga_prj/Xmrig-fpga/xmrig_X1_brd/CNv4_top/xdma_0_ex.srcs/sources_1/ip/xdma_0/ip_0/source/ip_pcie4_uscale_plus_x1y2.xdc (Line: 120)
Related violations: <none>


